<?xml version="1.0" encoding="UTF-8"?>
<!-- Generated by org.testng.reporters.JUnitReportReporter -->
<testsuite hostname="Darshikas-MacBook-Pro.local" failures="0" tests="1" name="Rest_API" time="8.780" errors="0" timestamp="2024-12-22T12:54:02 IST" skipped="0">
  <testcase classname="Rest_API" name="Test_GET" time="8.780"/>
</testsuite> <!-- Rest_API -->
