<?xml version="1.0" encoding="UTF-8"?>
<!-- Generated by org.testng.reporters.JUnitReportReporter -->
<testsuite hostname="Darshikas-MacBook-Pro.local" failures="0" tests="1" name="Test_POST" time="5.418" errors="0" timestamp="2024-12-24T21:07:54 IST" skipped="0">
  <testcase classname="Test_POST" name="Test_POST" time="5.418"/>
</testsuite> <!-- Test_POST -->
