<?xml version="1.0" encoding="UTF-8"?>
<!-- Generated by org.testng.reporters.JUnitReportReporter -->
<testsuite hostname="Darshikas-MacBook-Pro.local" failures="0" tests="1" name="Test_GET" time="9.660" errors="0" timestamp="2024-12-16T12:33:19 IST" skipped="0">
  <testcase classname="Test_GET" name="Test_GET" time="9.660"/>
</testsuite> <!-- Test_GET -->
