<?xml version="1.0" encoding="UTF-8"?>
<!-- Generated by org.testng.reporters.JUnitReportReporter -->
<testsuite hostname="Darshikas-MacBook-Pro.local" failures="0" tests="1" name="Test.Feedback" time="10.256" errors="0" timestamp="2024-12-25T18:47:28 IST" skipped="0">
  <testcase classname="Test.Feedback" name="Test_PUT" time="10.256"/>
</testsuite> <!-- Test.Feedback -->
