<?xml version="1.0" encoding="UTF-8"?>
<!-- Generated by org.testng.reporters.JUnitReportReporter -->
<testsuite hostname="Darshikas-MacBook-Pro.local" failures="0" tests="1" name="Test_PUT" time="4.452" errors="0" timestamp="2024-12-16T12:37:37 IST" skipped="0">
  <testcase classname="Test_PUT" name="Test_PUT" time="4.452"/>
</testsuite> <!-- Test_PUT -->
