<?xml version="1.0" encoding="UTF-8"?>
<!-- Generated by org.testng.reporters.JUnitReportReporter -->
<testsuite hostname="Darshikas-MacBook-Pro.local" failures="0" tests="1" name="Feedback" time="3.749" errors="0" timestamp="2024-12-24T21:08:33 IST" skipped="0">
  <testcase classname="Feedback" name="Test_PUT" time="3.749"/>
</testsuite> <!-- Feedback -->
