<?xml version="1.0" encoding="UTF-8"?>
<!-- Generated by org.testng.reporters.JUnitReportReporter -->
<testsuite hostname="Darshikas-MacBook-Pro.local" failures="0" tests="1" name="Test_DELETE" time="4.316" errors="0" timestamp="2024-12-16T12:38:16 IST" skipped="0">
  <testcase classname="Test_DELETE" name="Test_DELETE" time="4.316"/>
</testsuite> <!-- Test_DELETE -->
