<?xml version="1.0" encoding="UTF-8"?>
<!-- Generated by org.testng.reporters.JUnitReportReporter -->
<testsuite hostname="Darshikas-MacBook-Pro.local" failures="0" tests="1" name="Test_GET" time="0.979" errors="0" timestamp="2024-11-25T13:00:58 IST" skipped="0">
  <testcase classname="Test_GET" name="Test" time="0.979"/>
</testsuite> <!-- Test_GET -->
